  main.cpp
D:\fourth_term\Greedy apple snake\mysql_db.h(1,1): warning C4819: 该文件包含不能在当前代码页(936)中表示的字符。请将该文件保存为 Unicode 格式以防止数据丢失
  (编译源文件“main.cpp”)
  
D:\fourth_term\Greedy apple snake\main.cpp(400,49): warning C4267: “return”: 从“size_t”转换到“int”，可能丢失数据
D:\fourth_term\Greedy apple snake\main.cpp(470,56): warning C4244: “参数”: 从“float”转换到“int”，可能丢失数据
D:\fourth_term\Greedy apple snake\main.cpp(470,43): warning C4244: “参数”: 从“float”转换到“int”，可能丢失数据
D:\fourth_term\Greedy apple snake\main.cpp(496,29): warning C4244: “参数”: 从“float”转换到“int”，可能丢失数据
D:\fourth_term\Greedy apple snake\main.cpp(496,22): warning C4244: “参数”: 从“float”转换到“int”，可能丢失数据
D:\fourth_term\Greedy apple snake\main.cpp(522,38): warning C4244: “参数”: 从“float”转换到“int”，可能丢失数据
D:\fourth_term\Greedy apple snake\main.cpp(522,31): warning C4244: “参数”: 从“float”转换到“int”，可能丢失数据
D:\fourth_term\Greedy apple snake\main.cpp(554,37): warning C4244: “参数”: 从“float”转换到“int”，可能丢失数据
D:\fourth_term\Greedy apple snake\main.cpp(554,31): warning C4244: “参数”: 从“float”转换到“int”，可能丢失数据
D:\fourth_term\Greedy apple snake\main.cpp(576,37): warning C4244: “参数”: 从“float”转换到“int”，可能丢失数据
D:\fourth_term\Greedy apple snake\main.cpp(576,31): warning C4244: “参数”: 从“float”转换到“int”，可能丢失数据
D:\fourth_term\Greedy apple snake\main.cpp(622,16): warning C4244: “初始化”: 从“float”转换到“int”，可能丢失数据
D:\fourth_term\Greedy apple snake\main.cpp(623,16): warning C4244: “初始化”: 从“float”转换到“int”，可能丢失数据
D:\fourth_term\Greedy apple snake\main.cpp(701,12): warning C4267: “初始化”: 从“size_t”转换到“int”，可能丢失数据
D:\fourth_term\Greedy apple snake\main.cpp(706,11): warning C4267: “初始化”: 从“size_t”转换到“int”，可能丢失数据
D:\fourth_term\Greedy apple snake\main.cpp(773,80): warning C4244: “参数”: 从“float”转换到“int”，可能丢失数据
D:\fourth_term\Greedy apple snake\main.cpp(773,77): warning C4244: “参数”: 从“float”转换到“int”，可能丢失数据
D:\fourth_term\Greedy apple snake\main.cpp(774,89): warning C4244: “参数”: 从“float”转换到“int”，可能丢失数据
D:\fourth_term\Greedy apple snake\main.cpp(774,86): warning C4244: “参数”: 从“float”转换到“int”，可能丢失数据
D:\fourth_term\Greedy apple snake\main.cpp(775,89): warning C4244: “参数”: 从“float”转换到“int”，可能丢失数据
D:\fourth_term\Greedy apple snake\main.cpp(775,86): warning C4244: “参数”: 从“float”转换到“int”，可能丢失数据
D:\fourth_term\Greedy apple snake\main.cpp(776,73): warning C4244: “参数”: 从“float”转换到“int”，可能丢失数据
D:\fourth_term\Greedy apple snake\main.cpp(776,70): warning C4244: “参数”: 从“float”转换到“int”，可能丢失数据
D:\fourth_term\Greedy apple snake\main.cpp(784,89): warning C4244: “参数”: 从“float”转换到“int”，可能丢失数据
D:\fourth_term\Greedy apple snake\main.cpp(784,86): warning C4244: “参数”: 从“float”转换到“int”，可能丢失数据
D:\fourth_term\Greedy apple snake\main.cpp(785,76): warning C4244: “参数”: 从“float”转换到“int”，可能丢失数据
D:\fourth_term\Greedy apple snake\main.cpp(785,73): warning C4244: “参数”: 从“float”转换到“int”，可能丢失数据
D:\fourth_term\Greedy apple snake\main.cpp(789,91): warning C4244: “参数”: 从“float”转换到“int”，可能丢失数据
D:\fourth_term\Greedy apple snake\main.cpp(789,88): warning C4244: “参数”: 从“float”转换到“int”，可能丢失数据
D:\fourth_term\Greedy apple snake\main.cpp(790,77): warning C4244: “参数”: 从“float”转换到“int”，可能丢失数据
D:\fourth_term\Greedy apple snake\main.cpp(790,74): warning C4244: “参数”: 从“float”转换到“int”，可能丢失数据
D:\fourth_term\Greedy apple snake\main.cpp(799,70): warning C4244: “参数”: 从“float”转换到“int”，可能丢失数据
D:\fourth_term\Greedy apple snake\main.cpp(799,67): warning C4244: “参数”: 从“float”转换到“int”，可能丢失数据
D:\fourth_term\Greedy apple snake\main.cpp(801,71): warning C4244: “参数”: 从“float”转换到“int”，可能丢失数据
D:\fourth_term\Greedy apple snake\main.cpp(801,68): warning C4244: “参数”: 从“float”转换到“int”，可能丢失数据
D:\fourth_term\Greedy apple snake\main.cpp(803,72): warning C4244: “参数”: 从“float”转换到“int”，可能丢失数据
D:\fourth_term\Greedy apple snake\main.cpp(803,69): warning C4244: “参数”: 从“float”转换到“int”，可能丢失数据
D:\fourth_term\Greedy apple snake\main.cpp(805,72): warning C4244: “参数”: 从“float”转换到“int”，可能丢失数据
D:\fourth_term\Greedy apple snake\main.cpp(805,69): warning C4244: “参数”: 从“float”转换到“int”，可能丢失数据
D:\fourth_term\Greedy apple snake\main.cpp(807,72): warning C4244: “参数”: 从“float”转换到“int”，可能丢失数据
D:\fourth_term\Greedy apple snake\main.cpp(807,69): warning C4244: “参数”: 从“float”转换到“int”，可能丢失数据
D:\fourth_term\Greedy apple snake\main.cpp(809,72): warning C4244: “参数”: 从“float”转换到“int”，可能丢失数据
D:\fourth_term\Greedy apple snake\main.cpp(809,69): warning C4244: “参数”: 从“float”转换到“int”，可能丢失数据
D:\fourth_term\Greedy apple snake\main.cpp(830,56): warning C4244: “参数”: 从“float”转换到“int”，可能丢失数据
D:\fourth_term\Greedy apple snake\main.cpp(830,53): warning C4244: “参数”: 从“float”转换到“int”，可能丢失数据
D:\fourth_term\Greedy apple snake\main.cpp(843,63): warning C4244: “参数”: 从“float”转换到“int”，可能丢失数据
D:\fourth_term\Greedy apple snake\main.cpp(843,60): warning C4244: “参数”: 从“float”转换到“int”，可能丢失数据
D:\fourth_term\Greedy apple snake\main.cpp(845,64): warning C4244: “参数”: 从“float”转换到“int”，可能丢失数据
D:\fourth_term\Greedy apple snake\main.cpp(845,61): warning C4244: “参数”: 从“float”转换到“int”，可能丢失数据
D:\fourth_term\Greedy apple snake\main.cpp(847,61): warning C4244: “参数”: 从“float”转换到“int”，可能丢失数据
D:\fourth_term\Greedy apple snake\main.cpp(847,58): warning C4244: “参数”: 从“float”转换到“int”，可能丢失数据
D:\fourth_term\Greedy apple snake\main.cpp(849,63): warning C4244: “参数”: 从“float”转换到“int”，可能丢失数据
D:\fourth_term\Greedy apple snake\main.cpp(849,60): warning C4244: “参数”: 从“float”转换到“int”，可能丢失数据
D:\fourth_term\Greedy apple snake\main.cpp(859,63): warning C4244: “参数”: 从“float”转换到“int”，可能丢失数据
D:\fourth_term\Greedy apple snake\main.cpp(859,60): warning C4244: “参数”: 从“float”转换到“int”，可能丢失数据
D:\fourth_term\Greedy apple snake\main.cpp(861,64): warning C4244: “参数”: 从“float”转换到“int”，可能丢失数据
D:\fourth_term\Greedy apple snake\main.cpp(861,61): warning C4244: “参数”: 从“float”转换到“int”，可能丢失数据
D:\fourth_term\Greedy apple snake\main.cpp(863,61): warning C4244: “参数”: 从“float”转换到“int”，可能丢失数据
D:\fourth_term\Greedy apple snake\main.cpp(863,58): warning C4244: “参数”: 从“float”转换到“int”，可能丢失数据
D:\fourth_term\Greedy apple snake\main.cpp(865,63): warning C4244: “参数”: 从“float”转换到“int”，可能丢失数据
D:\fourth_term\Greedy apple snake\main.cpp(865,60): warning C4244: “参数”: 从“float”转换到“int”，可能丢失数据
D:\fourth_term\Greedy apple snake\main.cpp(873,62): warning C4244: “参数”: 从“float”转换到“int”，可能丢失数据
D:\fourth_term\Greedy apple snake\main.cpp(873,59): warning C4244: “参数”: 从“float”转换到“int”，可能丢失数据
D:\fourth_term\Greedy apple snake\main.cpp(875,63): warning C4244: “参数”: 从“float”转换到“int”，可能丢失数据
D:\fourth_term\Greedy apple snake\main.cpp(875,60): warning C4244: “参数”: 从“float”转换到“int”，可能丢失数据
D:\fourth_term\Greedy apple snake\main.cpp(877,64): warning C4244: “参数”: 从“float”转换到“int”，可能丢失数据
D:\fourth_term\Greedy apple snake\main.cpp(877,61): warning C4244: “参数”: 从“float”转换到“int”，可能丢失数据
D:\fourth_term\Greedy apple snake\main.cpp(879,64): warning C4244: “参数”: 从“float”转换到“int”，可能丢失数据
D:\fourth_term\Greedy apple snake\main.cpp(879,61): warning C4244: “参数”: 从“float”转换到“int”，可能丢失数据
D:\fourth_term\Greedy apple snake\main.cpp(881,64): warning C4244: “参数”: 从“float”转换到“int”，可能丢失数据
D:\fourth_term\Greedy apple snake\main.cpp(881,61): warning C4244: “参数”: 从“float”转换到“int”，可能丢失数据
D:\fourth_term\Greedy apple snake\main.cpp(883,64): warning C4244: “参数”: 从“float”转换到“int”，可能丢失数据
D:\fourth_term\Greedy apple snake\main.cpp(883,61): warning C4244: “参数”: 从“float”转换到“int”，可能丢失数据
D:\fourth_term\Greedy apple snake\main.cpp(1148,49): warning C4244: “参数”: 从“float”转换到“int”，可能丢失数据
D:\fourth_term\Greedy apple snake\main.cpp(1149,48): warning C4244: “参数”: 从“float”转换到“int”，可能丢失数据
D:\fourth_term\Greedy apple snake\main.cpp(1150,48): warning C4244: “参数”: 从“float”转换到“int”，可能丢失数据
  mysql_db.cpp
D:\fourth_term\Greedy apple snake\mysql_db.cpp(1,1): warning C4819: 该文件包含不能在当前代码页(936)中表示的字符。请将该文件保存为 Unicode 格式以防止数据丢失
D:\fourth_term\Greedy apple snake\mysql_db.h(1,1): warning C4819: 该文件包含不能在当前代码页(936)中表示的字符。请将该文件保存为 Unicode 格式以防止数据丢失
  (编译源文件“mysql_db.cpp”)
  
D:\fourth_term\Greedy apple snake\mysql_db.cpp(3,10): error C1083: 无法打开包括文件: “mysql.h”: No such file or directory
  正在生成代码...
