  main.cpp
D:\fourth_term\Greedy apple snake\mysql_db.h(1,1): warning C4819: 该文件包含不能在当前代码页(936)中表示的字符。请将该文件保存为 Unicode 格式以防止数据丢失
  (编译源文件“main.cpp”)
  
D:\fourth_term\Greedy apple snake\main.cpp(564,49): warning C4267: “return”: 从“size_t”转换到“int”，可能丢失数据
D:\fourth_term\Greedy apple snake\main.cpp(687,65): warning C4244: “参数”: 从“float”转换到“int”，可能丢失数据
D:\fourth_term\Greedy apple snake\main.cpp(687,48): warning C4244: “参数”: 从“float”转换到“int”，可能丢失数据
D:\fourth_term\Greedy apple snake\main.cpp(725,54): warning C4244: “参数”: 从“float”转换到“int”，可能丢失数据
D:\fourth_term\Greedy apple snake\main.cpp(725,42): warning C4244: “参数”: 从“float”转换到“int”，可能丢失数据
D:\fourth_term\Greedy apple snake\main.cpp(878,16): warning C4244: “初始化”: 从“float”转换到“int”，可能丢失数据
D:\fourth_term\Greedy apple snake\main.cpp(879,16): warning C4244: “初始化”: 从“float”转换到“int”，可能丢失数据
D:\fourth_term\Greedy apple snake\main.cpp(966,18): warning C4267: “初始化”: 从“size_t”转换到“int”，可能丢失数据
D:\fourth_term\Greedy apple snake\main.cpp(971,17): warning C4267: “初始化”: 从“size_t”转换到“int”，可能丢失数据
D:\fourth_term\Greedy apple snake\main.cpp(1067,80): warning C4244: “参数”: 从“float”转换到“int”，可能丢失数据
D:\fourth_term\Greedy apple snake\main.cpp(1067,77): warning C4244: “参数”: 从“float”转换到“int”，可能丢失数据
D:\fourth_term\Greedy apple snake\main.cpp(1068,89): warning C4244: “参数”: 从“float”转换到“int”，可能丢失数据
D:\fourth_term\Greedy apple snake\main.cpp(1068,86): warning C4244: “参数”: 从“float”转换到“int”，可能丢失数据
D:\fourth_term\Greedy apple snake\main.cpp(1069,89): warning C4244: “参数”: 从“float”转换到“int”，可能丢失数据
D:\fourth_term\Greedy apple snake\main.cpp(1069,86): warning C4244: “参数”: 从“float”转换到“int”，可能丢失数据
D:\fourth_term\Greedy apple snake\main.cpp(1070,73): warning C4244: “参数”: 从“float”转换到“int”，可能丢失数据
D:\fourth_term\Greedy apple snake\main.cpp(1070,70): warning C4244: “参数”: 从“float”转换到“int”，可能丢失数据
D:\fourth_term\Greedy apple snake\main.cpp(1078,89): warning C4244: “参数”: 从“float”转换到“int”，可能丢失数据
D:\fourth_term\Greedy apple snake\main.cpp(1078,86): warning C4244: “参数”: 从“float”转换到“int”，可能丢失数据
D:\fourth_term\Greedy apple snake\main.cpp(1079,76): warning C4244: “参数”: 从“float”转换到“int”，可能丢失数据
D:\fourth_term\Greedy apple snake\main.cpp(1079,73): warning C4244: “参数”: 从“float”转换到“int”，可能丢失数据
D:\fourth_term\Greedy apple snake\main.cpp(1083,91): warning C4244: “参数”: 从“float”转换到“int”，可能丢失数据
D:\fourth_term\Greedy apple snake\main.cpp(1083,88): warning C4244: “参数”: 从“float”转换到“int”，可能丢失数据
D:\fourth_term\Greedy apple snake\main.cpp(1084,77): warning C4244: “参数”: 从“float”转换到“int”，可能丢失数据
D:\fourth_term\Greedy apple snake\main.cpp(1084,74): warning C4244: “参数”: 从“float”转换到“int”，可能丢失数据
D:\fourth_term\Greedy apple snake\main.cpp(1093,70): warning C4244: “参数”: 从“float”转换到“int”，可能丢失数据
D:\fourth_term\Greedy apple snake\main.cpp(1093,67): warning C4244: “参数”: 从“float”转换到“int”，可能丢失数据
D:\fourth_term\Greedy apple snake\main.cpp(1095,71): warning C4244: “参数”: 从“float”转换到“int”，可能丢失数据
D:\fourth_term\Greedy apple snake\main.cpp(1095,68): warning C4244: “参数”: 从“float”转换到“int”，可能丢失数据
D:\fourth_term\Greedy apple snake\main.cpp(1097,72): warning C4244: “参数”: 从“float”转换到“int”，可能丢失数据
D:\fourth_term\Greedy apple snake\main.cpp(1097,69): warning C4244: “参数”: 从“float”转换到“int”，可能丢失数据
D:\fourth_term\Greedy apple snake\main.cpp(1099,72): warning C4244: “参数”: 从“float”转换到“int”，可能丢失数据
D:\fourth_term\Greedy apple snake\main.cpp(1099,69): warning C4244: “参数”: 从“float”转换到“int”，可能丢失数据
D:\fourth_term\Greedy apple snake\main.cpp(1101,72): warning C4244: “参数”: 从“float”转换到“int”，可能丢失数据
D:\fourth_term\Greedy apple snake\main.cpp(1101,69): warning C4244: “参数”: 从“float”转换到“int”，可能丢失数据
D:\fourth_term\Greedy apple snake\main.cpp(1103,72): warning C4244: “参数”: 从“float”转换到“int”，可能丢失数据
D:\fourth_term\Greedy apple snake\main.cpp(1103,69): warning C4244: “参数”: 从“float”转换到“int”，可能丢失数据
D:\fourth_term\Greedy apple snake\main.cpp(1122,56): warning C4244: “参数”: 从“float”转换到“int”，可能丢失数据
D:\fourth_term\Greedy apple snake\main.cpp(1122,53): warning C4244: “参数”: 从“float”转换到“int”，可能丢失数据
D:\fourth_term\Greedy apple snake\main.cpp(1132,63): warning C4244: “参数”: 从“float”转换到“int”，可能丢失数据
D:\fourth_term\Greedy apple snake\main.cpp(1132,60): warning C4244: “参数”: 从“float”转换到“int”，可能丢失数据
D:\fourth_term\Greedy apple snake\main.cpp(1134,64): warning C4244: “参数”: 从“float”转换到“int”，可能丢失数据
D:\fourth_term\Greedy apple snake\main.cpp(1134,61): warning C4244: “参数”: 从“float”转换到“int”，可能丢失数据
D:\fourth_term\Greedy apple snake\main.cpp(1136,61): warning C4244: “参数”: 从“float”转换到“int”，可能丢失数据
D:\fourth_term\Greedy apple snake\main.cpp(1136,58): warning C4244: “参数”: 从“float”转换到“int”，可能丢失数据
D:\fourth_term\Greedy apple snake\main.cpp(1138,63): warning C4244: “参数”: 从“float”转换到“int”，可能丢失数据
D:\fourth_term\Greedy apple snake\main.cpp(1138,60): warning C4244: “参数”: 从“float”转换到“int”，可能丢失数据
D:\fourth_term\Greedy apple snake\main.cpp(1147,63): warning C4244: “参数”: 从“float”转换到“int”，可能丢失数据
D:\fourth_term\Greedy apple snake\main.cpp(1147,60): warning C4244: “参数”: 从“float”转换到“int”，可能丢失数据
D:\fourth_term\Greedy apple snake\main.cpp(1149,64): warning C4244: “参数”: 从“float”转换到“int”，可能丢失数据
D:\fourth_term\Greedy apple snake\main.cpp(1149,61): warning C4244: “参数”: 从“float”转换到“int”，可能丢失数据
D:\fourth_term\Greedy apple snake\main.cpp(1151,61): warning C4244: “参数”: 从“float”转换到“int”，可能丢失数据
D:\fourth_term\Greedy apple snake\main.cpp(1151,58): warning C4244: “参数”: 从“float”转换到“int”，可能丢失数据
D:\fourth_term\Greedy apple snake\main.cpp(1153,63): warning C4244: “参数”: 从“float”转换到“int”，可能丢失数据
D:\fourth_term\Greedy apple snake\main.cpp(1153,60): warning C4244: “参数”: 从“float”转换到“int”，可能丢失数据
D:\fourth_term\Greedy apple snake\main.cpp(1161,62): warning C4244: “参数”: 从“float”转换到“int”，可能丢失数据
D:\fourth_term\Greedy apple snake\main.cpp(1161,59): warning C4244: “参数”: 从“float”转换到“int”，可能丢失数据
D:\fourth_term\Greedy apple snake\main.cpp(1163,63): warning C4244: “参数”: 从“float”转换到“int”，可能丢失数据
D:\fourth_term\Greedy apple snake\main.cpp(1163,60): warning C4244: “参数”: 从“float”转换到“int”，可能丢失数据
D:\fourth_term\Greedy apple snake\main.cpp(1165,64): warning C4244: “参数”: 从“float”转换到“int”，可能丢失数据
D:\fourth_term\Greedy apple snake\main.cpp(1165,61): warning C4244: “参数”: 从“float”转换到“int”，可能丢失数据
D:\fourth_term\Greedy apple snake\main.cpp(1167,64): warning C4244: “参数”: 从“float”转换到“int”，可能丢失数据
D:\fourth_term\Greedy apple snake\main.cpp(1167,61): warning C4244: “参数”: 从“float”转换到“int”，可能丢失数据
D:\fourth_term\Greedy apple snake\main.cpp(1169,64): warning C4244: “参数”: 从“float”转换到“int”，可能丢失数据
D:\fourth_term\Greedy apple snake\main.cpp(1169,61): warning C4244: “参数”: 从“float”转换到“int”，可能丢失数据
D:\fourth_term\Greedy apple snake\main.cpp(1171,64): warning C4244: “参数”: 从“float”转换到“int”，可能丢失数据
D:\fourth_term\Greedy apple snake\main.cpp(1171,61): warning C4244: “参数”: 从“float”转换到“int”，可能丢失数据
D:\fourth_term\Greedy apple snake\main.cpp(1481,40): warning C4244: “=”: 从“double”转换到“float”，可能丢失数据
D:\fourth_term\Greedy apple snake\main.cpp(1564,38): warning C4244: “=”: 从“double”转换到“float”，可能丢失数据
D:\fourth_term\Greedy apple snake\main.cpp(1580,36): warning C4244: “=”: 从“double”转换到“float”，可能丢失数据
D:\fourth_term\Greedy apple snake\main.cpp(1596,36): warning C4244: “=”: 从“double”转换到“float”，可能丢失数据
D:\fourth_term\Greedy apple snake\main.cpp(1667,58): warning C4244: “参数”: 从“float”转换到“int”，可能丢失数据
D:\fourth_term\Greedy apple snake\main.cpp(1668,57): warning C4244: “参数”: 从“float”转换到“int”，可能丢失数据
D:\fourth_term\Greedy apple snake\main.cpp(1669,57): warning C4244: “参数”: 从“float”转换到“int”，可能丢失数据
  正在生成代码
  5 of 816 functions ( 0.6%) were compiled, the rest were copied from previous compilation.
    0 functions were new in current compilation
    3 functions had inline decision re-evaluated but remain unchanged
  已完成代码的生成
  Greedy apple snake.vcxproj -> D:\fourth_term\Greedy apple snake\x64\Release\Greedy apple snake.exe
